TN:
SF:index.js
FN:15,(anonymous_0)
FNF:1
FNH:1
FNDA:1,(anonymous_0)
DA:1,1
DA:2,1
DA:4,1
DA:5,1
DA:8,1
DA:10,1
DA:11,1
DA:13,1
DA:15,1
DA:16,1
DA:22,1
DA:24,1
LF:12
LH:12
BRF:0
BRH:0
end_of_record
TN:
SF:configs\index.js
FNF:0
FNH:0
DA:1,1
DA:2,1
LF:2
LH:2
BRF:0
BRH:0
end_of_record
TN:
SF:controllers\functionsPlayground.js
FN:3,(anonymous_0)
FN:10,(anonymous_1)
FN:17,(anonymous_2)
FN:24,(anonymous_3)
FN:34,(anonymous_4)
FN:36,(anonymous_5)
FN:38,(anonymous_6)
FN:40,(anonymous_7)
FN:78,(anonymous_8)
FN:79,(anonymous_9)
FN:81,(anonymous_10)
FN:86,(anonymous_11)
FN:97,(anonymous_12)
FN:108,(anonymous_13)
FN:120,(anonymous_14)
FNF:15
FNH:13
FNDA:4,(anonymous_0)
FNDA:5,(anonymous_1)
FNDA:4,(anonymous_2)
FNDA:4,(anonymous_3)
FNDA:1,(anonymous_4)
FNDA:1,(anonymous_5)
FNDA:1,(anonymous_6)
FNDA:1,(anonymous_7)
FNDA:0,(anonymous_8)
FNDA:0,(anonymous_9)
FNDA:1,(anonymous_10)
FNDA:3,(anonymous_11)
FNDA:4,(anonymous_12)
FNDA:2,(anonymous_13)
FNDA:2,(anonymous_14)
DA:1,1
DA:3,1
DA:4,4
DA:5,2
DA:7,2
DA:10,1
DA:11,5
DA:12,3
DA:14,2
DA:17,1
DA:18,4
DA:19,2
DA:21,2
DA:24,1
DA:25,4
DA:26,2
DA:27,1
DA:29,1
DA:31,2
DA:34,1
DA:36,1
DA:38,1
DA:40,1
DA:42,1
DA:61,1
DA:71,1
DA:78,1
DA:79,0
DA:81,1
DA:82,1
DA:83,1
DA:86,1
DA:87,3
DA:88,3
DA:94,3
DA:97,1
DA:98,4
DA:99,4
DA:100,1
DA:101,3
DA:102,2
DA:104,2
DA:108,1
DA:109,2
DA:110,2
DA:111,1
DA:113,1
DA:114,1
DA:116,1
DA:120,1
DA:121,2
DA:122,2
DA:123,1
DA:125,1
LF:54
LH:53
BRDA:4,0,0,2
BRDA:4,0,1,2
BRDA:4,1,0,4
BRDA:4,1,1,4
BRDA:11,2,0,3
BRDA:11,2,1,2
BRDA:11,3,0,5
BRDA:11,3,1,5
BRDA:18,4,0,2
BRDA:18,4,1,2
BRDA:18,5,0,4
BRDA:18,5,1,4
BRDA:25,6,0,2
BRDA:25,6,1,2
BRDA:25,7,0,4
BRDA:25,7,1,4
BRDA:26,8,0,1
BRDA:26,8,1,1
BRDA:87,9,0,3
BRDA:87,9,1,1
BRDA:99,10,0,1
BRDA:99,10,1,3
BRDA:99,11,0,4
BRDA:99,11,1,3
BRDA:110,12,0,1
BRDA:110,12,1,1
BRDA:110,13,0,2
BRDA:110,13,1,1
BRF:28
BRH:28
end_of_record
TN:
SF:controllers\postsController.js
FN:6,(anonymous_0)
FN:18,(anonymous_1)
FN:36,(anonymous_2)
FN:54,(anonymous_3)
FNF:4
FNH:0
FNDA:0,(anonymous_0)
FNDA:0,(anonymous_1)
FNDA:0,(anonymous_2)
FNDA:0,(anonymous_3)
DA:1,1
DA:2,1
DA:4,1
DA:6,1
DA:7,0
DA:8,0
DA:9,0
DA:10,0
DA:12,0
DA:14,0
DA:18,1
DA:19,0
DA:20,0
DA:21,0
DA:22,0
DA:23,0
DA:27,0
DA:28,0
DA:30,0
DA:32,0
DA:36,1
DA:37,0
DA:38,0
DA:39,0
DA:40,0
DA:41,0
DA:45,0
DA:46,0
DA:48,0
DA:50,0
DA:54,1
DA:55,0
DA:56,0
DA:57,0
DA:58,0
DA:60,0
DA:62,0
LF:37
LH:7
BRDA:9,0,0,0
BRDA:9,0,1,0
BRDA:22,1,0,0
BRDA:22,1,1,0
BRDA:40,2,0,0
BRDA:40,2,1,0
BRF:6
BRH:0
end_of_record
TN:
SF:routes\posts.js
FNF:0
FNH:0
DA:1,1
DA:2,1
DA:5,1
DA:7,1
DA:8,1
DA:9,1
DA:10,1
DA:11,1
DA:13,1
LF:9
LH:9
BRF:0
BRH:0
end_of_record
